<?xml version="1.0" encoding="UTF-8"?>
<testsuite name="ValidateSaIdTest" tests="9" skipped="0" failures="0" errors="0" timestamp="2025-04-30T07:37:30.871Z" hostname="DESKTOP-2F68JTS" time="0.058">
  <properties/>
  <testcase name="testNullOrEmptyInput()" classname="ValidateSaIdTest" time="0.029"/>
  <testcase name="testNonNumericCharacters()" classname="ValidateSaIdTest" time="0.002"/>
  <testcase name="testValidIdNumbers()" classname="ValidateSaIdTest" time="0.003"/>
  <testcase name="shouldReturnFalseForInvalidChecksum()" classname="ValidateSaIdTest" time="0.001"/>
  <testcase name="shouldReturnFalseForLongId()" classname="ValidateSaIdTest" time="0.001"/>
  <testcase name="shouldReturnFalseForInvalidDay()" classname="ValidateSaIdTest" time="0.002"/>
  <testcase name="shouldReturnFalseForInvalidMonth()" classname="ValidateSaIdTest" time="0.002"/>
  <testcase name="shouldReturnFalseForShortId()" classname="ValidateSaIdTest" time="0.001"/>
  <testcase name="shouldReturnFalseForInvalidCitizenship()" classname="ValidateSaIdTest" time="0.002"/>
  <system-out><![CDATA[]]></system-out>
  <system-err><![CDATA[]]></system-err>
</testsuite>
